library/build/outputs/logs/manifest-merger-debug-report.txt
-- Merging decision tree log ---
manifest
ADDED from src\main\AndroidManifest.xml:2:1-17:12
INJECTED from src\main\AndroidManifest.xml:2:1-17:12
INJECTED from src\main\AndroidManifest.xml:2:1-17:12
	package
		ADDED from src\main\AndroidManifest.xml:3:5-47
		INJECTED from src\main\AndroidManifest.xml
		INJECTED from src\main\AndroidManifest.xml
	xmlns:android
		ADDED from src\main\AndroidManifest.xml:4:5-63
application
ADDED from src\main\AndroidManifest.xml:6:5-16:19
provider#com.klinker.android.send_message.MmsFileProvider
ADDED from src\main\AndroidManifest.xml:8:9-12:46
	android:grantUriPermissions
		ADDED from src\main\AndroidManifest.xml:11:19-53
	android:enabled
		ADDED from src\main\AndroidManifest.xml:10:19-41
	android:authorities
		ADDED from src\main\AndroidManifest.xml:9:19-73
	android:exported
		ADDED from src\main\AndroidManifest.xml:12:19-43
	android:name
		ADDED from src\main\AndroidManifest.xml:8:19-50
uses-library#org.apache.http.legacy
ADDED from src\main\AndroidManifest.xml:14:9-87
	android:required
		ADDED from src\main\AndroidManifest.xml:14:61-85
	android:name
		ADDED from src\main\AndroidManifest.xml:14:23-60
uses-sdk
INJECTED from src\main\AndroidManifest.xml reason: use-sdk injection requested
INJECTED from src\main\AndroidManifest.xml
INJECTED from src\main\AndroidManifest.xml
INJECTED from src\main\AndroidManifest.xml
INJECTED from src\main\AndroidManifest.xml
	android:targetSdkVersion
		INJECTED from src\main\AndroidManifest.xml
		ADDED from src\main\AndroidManifest.xml
		INJECTED from src\main\AndroidManifest.xml
	android:minSdkVersion
		INJECTED from src\main\AndroidManifest.xml
		ADDED from src\main\AndroidManifest.xml
		INJECTED from src\main\AndroidManifest.xml